<?xml version="1.0" encoding="UTF-8"?>
<!-- Generated by org.testng.reporters.JUnitReportReporter -->
<testsuite hostname="DESKTOP-LCK03BF" failures="0" tests="4" name="TestRunner.Runner" time="6.727" errors="0" timestamp="2025-01-27T00:26:34 IST" skipped="0">
  <testcase classname="TestRunner.Runner" name="runScenario" time="0.275"/>
  <system-out/>
  <testcase classname="TestRunner.Runner" name="runScenario" time="0.118"/>
  <system-out/>
  <testcase classname="TestRunner.Runner" name="runScenario" time="6.152"/>
  <system-out/>
  <testcase classname="TestRunner.Runner" name="runScenario" time="0.182"/>
  <system-out/>
</testsuite> <!-- TestRunner.Runner -->
