<?xml version="1.0" encoding="UTF-8"?>
<!-- Generated by org.testng.reporters.JUnitReportReporter -->
<testsuite hostname="DESKTOP-LCK03BF" failures="0" tests="2" name="TestRunner.Runner" time="6.633" errors="0" timestamp="2025-01-27T00:02:21 IST" skipped="0">
  <testcase classname="TestRunner.Runner" name="runScenario" time="0.215"/>
  <system-out/>
  <testcase classname="TestRunner.Runner" name="runScenario" time="6.418"/>
  <system-out/>
</testsuite> <!-- TestRunner.Runner -->
