<?xml version="1.0" encoding="UTF-8"?>
<!-- Generated by org.testng.reporters.JUnitReportReporter -->
<testsuite hostname="DESKTOP-QMUT8R4" failures="0" tests="3" name="TestRunner.Runner" time="6.139" errors="0" timestamp="2025-01-27T00:17:25 IST" skipped="0">
  <testcase classname="TestRunner.Runner" name="runScenario" time="0.388"/>
  <system-out/>
  <testcase classname="TestRunner.Runner" name="runScenario" time="0.144"/>
  <system-out/>
  <testcase classname="TestRunner.Runner" name="runScenario" time="5.607"/>
  <system-out/>
</testsuite> <!-- TestRunner.Runner -->
